{"level":"info","message":"Listening on port 3000..."}
{"level":"info","message":"Connected to mongodb://localhost/vidly...nodemo "}
{"level":"info","message":"Listening on port 3000..."}
{"level":"info","message":"Connected to mongodb://localhost/vidly...nodemo "}
{"level":"info","message":"Listening on port 3000..."}
{"level":"info","message":"Connected to mongodb://localhost/vidly..."}
{"level":"info","message":"Listening on port 3000..."}
{"level":"info","message":"Connected to mongodb://localhost/vidly..."}
{"level":"info","message":"Listening on port 3000..."}
{"level":"info","message":"Connected to mongodb://localhost/vidly..."}
{"level":"info","message":"Listening on port 3000..."}
{"level":"info","message":"Connected to mongodb://localhost/vidly..."}
{"level":"info","message":"Listening on port 3000..."}
{"level":"info","message":"Connected to mongodb://localhost/vidly..."}
{"level":"info","message":"Listening on port 3000..."}
{"level":"info","message":"Connected to mongodb://localhost/vidly..."}
{"level":"info","message":"Listening on port 3000..."}
{"level":"info","message":"Connected to mongodb://localhost/vidly..."}
{"level":"info","message":"Listening on port 3000..."}
{"level":"info","message":"Connected to mongodb://localhost/vidly..."}
{"level":"info","message":"Listening on port 3000..."}
{"level":"info","message":"Connected to mongodb://localhost/vidly..."}
{"kind":"ObjectId","level":"error","message":"Cast to ObjectId failed for value \"123\" (type string) at path \"_id\" for model \"Genre\" Cast to ObjectId failed for value \"123\" (type string) at path \"_id\" for model \"Genre\"","path":"_id","reason":{},"stack":"CastError: Cast to ObjectId failed for value \"123\" (type string) at path \"_id\" for model \"Genre\"\n    at model.Query.exec (C:\\Users\\USUARIO\\Desktop\\H\\Apps\\vidly\\node_modules\\mongoose\\lib\\query.js:4780:21)\n    at model.Query.Query.then (C:\\Users\\USUARIO\\Desktop\\H\\Apps\\vidly\\node_modules\\mongoose\\lib\\query.js:4879:15)\n    at runMicrotasks (<anonymous>)\n    at processTicksAndRejections (node:internal/process/task_queues:96:5)","stringValue":"\"123\"","value":"123","valueType":"string"}
{"level":"info","message":"Listening on port 3000..."}
{"level":"info","message":"Connected to mongodb://localhost/vidly..."}
{"level":"info","message":"Listening on port 3000..."}
{"level":"info","message":"Connected to mongodb://localhost/vidly..."}
{"level":"info","message":"Listening on port 3000..."}
{"level":"info","message":"Connected to mongodb://localhost/vidly..."}
{"level":"info","message":"Listening on port 3000..."}
{"level":"info","message":"Connected to mongodb://localhost/vidly..."}
{"level":"info","message":"Listening on port 3000..."}
{"level":"info","message":"Connected to mongodb://localhost/vidly..."}
{"level":"info","message":"Listening on port 3000..."}
{"level":"info","message":"Connected to mongodb://localhost/vidly..."}
{"level":"info","message":"Listening on port 3000..."}
{"level":"info","message":"Connected to mongodb://localhost/vidly..."}
{"level":"info","message":"Listening on port 3000..."}
{"level":"info","message":"Connected to mongodb://localhost/vidly..."}
{"level":"info","message":"Listening on port 3000..."}
{"level":"info","message":"Connected to mongodb://localhost/vidly..."}
{"level":"info","message":"Listening on port 3000..."}
{"level":"info","message":"Connected to mongodb://localhost/vidly..."}
{"level":"info","message":"Listening on port 3000..."}
{"level":"info","message":"Connected to mongodb://localhost/vidly..."}
{"level":"info","message":"Listening on port 3000..."}
{"level":"info","message":"Connected to mongodb://localhost/vidly..."}
{"level":"info","message":"Listening on port 3000..."}
{"level":"info","message":"Connected to mongodb://localhost/vidly..."}
{"level":"info","message":"Listening on port 3000..."}
{"level":"info","message":"Connected to mongodb://localhost/vidly..."}
{"level":"info","message":"Listening on port 3000..."}
{"level":"info","message":"Connected to mongodb://localhost/vidly..."}
{"level":"info","message":"Listening on port 3000..."}
{"level":"info","message":"Connected to mongodb://localhost/vidly..."}
{"level":"info","message":"Listening on port 3000..."}
{"level":"info","message":"Connected to mongodb+srv://harold:1234@cluster0.vnwj0.mongodb.net/?retryWrites=true&w=majority..."}
{"level":"info","message":"Listening on port 3000..."}
{"level":"info","message":"Connected to mongodb+srv://harold:1234@cluster0.vnwj0.mongodb.net/?retryWrites=true&w=majority..."}
{"level":"info","message":"Listening on port 3000..."}
{"level":"info","message":"Connected to mongodb+srv://harold:1234@cluster0.vnwj0.mongodb.net/?retryWrites=true&w=majority..."}
{"level":"info","message":"Listening on port 3000..."}
{"level":"info","message":"Connected to mongodb+srv://harold:1234@cluster0.vnwj0.mongodb.net/?retryWrites=true&w=majority..."}
{"level":"info","message":"Using helmet and compression for production"}
{"level":"info","message":"Listening on port 80..."}
{"level":"info","message":"Connected to mongodb+srv://harold:1234@cluster0.vnwj0.mongodb.net/?retryWrites=true&w=majority..."}
{"level":"info","message":"Listening on port 4000..."}
{"level":"info","message":"Connected to mongodb+srv://harold:1234@cluster0.vnwj0.mongodb.net/?retryWrites=true&w=majority..."}
{"level":"info","message":"Listening on port 4000..."}
{"level":"info","message":"Connected to mongodb+srv://harold:1234@cluster0.vnwj0.mongodb.net/?retryWrites=true&w=majority..."}
{"level":"info","message":"Listening on port 4000..."}
{"level":"info","message":"Connected to mongodb+srv://harold:1234@cluster0.vnwj0.mongodb.net/?retryWrites=true&w=majority..."}
